<?xml version="1.0" encoding="UTF-8"?>
<!-- Generated by org.testng.reporters.JUnitReportReporter -->
<testsuite hostname="Akshay" failures="0" tests="2" name="com.tests.CheckoutTestTN" time="25.864" errors="0" timestamp="2024-12-04T14:49:32 CST" skipped="0">
  <testcase classname="com.tests.CheckoutTestTN" name="verifyTitleDisplayedTest" time="8.732"/>
  <testcase classname="com.tests.CheckoutTestTN" name="verifyCheckOutFlowTest" time="17.132"/>
</testsuite> <!-- com.tests.CheckoutTestTN -->
