<?xml version="1.0" encoding="UTF-8"?>
<!-- Generated by org.testng.reporters.JUnitReportReporter -->
<testsuite hostname="Akshay" failures="0" tests="5" name="com.tests.HomeTestTN" time="44.488" errors="0" timestamp="2024-12-05T20:41:58 CST" skipped="0">
  <testcase classname="com.tests.HomeTestTN" name="verifyItemCartScenarioEmptyTest" time="7.603"/>
  <testcase classname="com.tests.HomeTestTN" name="verifyComponentDropDownTest" time="10.707"/>
  <testcase classname="com.tests.HomeTestTN" name="verifyFeatureIphoneNavigationTest" time="9.332"/>
  <testcase classname="com.tests.HomeTestTN" name="verifyInvalidsearchFeature" time="7.869"/>
  <testcase classname="com.tests.HomeTestTN" name="verifyValidsearchFeature" time="8.977"/>
</testsuite> <!-- com.tests.HomeTestTN -->
