<?xml version="1.0" encoding="UTF-8"?>
<!-- Generated by org.testng.reporters.JUnitReportReporter -->
<testsuite hostname="Akshay" failures="0" tests="5" name="com.tests.WishListTestTN" time="30.997" errors="0" timestamp="2024-12-04T14:45:50 CST" skipped="0">
  <testcase classname="com.tests.WishListTestTN" name="verifyTitleDisplayedTest" time="5.788"/>
  <testcase classname="com.tests.WishListTestTN" name="verifyWishListPageMainTitleTest" time="5.462"/>
  <testcase classname="com.tests.WishListTestTN" name="verifyWishListPageSubTitleTest" time="5.473"/>
  <testcase classname="com.tests.WishListTestTN" name="verifyAddToWishListTest" time="6.444"/>
  <testcase classname="com.tests.WishListTestTN" name="verifyAddToWishListRemoveTest" time="7.830"/>
</testsuite> <!-- com.tests.WishListTestTN -->
