<?xml version="1.0" encoding="UTF-8"?>
<!-- Generated by org.testng.reporters.JUnitReportReporter -->
<testsuite hostname="Akshay" failures="0" tests="19" name="com.tests.RegisterTestTN" time="98.472" errors="0" timestamp="2024-12-04T14:42:32 CST" skipped="0">
  <testcase classname="com.tests.RegisterTestTN" name="verifyTitleDisplayedTest" time="4.391"/>
  <testcase classname="com.tests.RegisterTestTN" name="verifyRegisterAccountMainTitleTest" time="4.505"/>
  <testcase classname="com.tests.RegisterTestTN" name="verifyRegisterAccountSubTitleTest" time="4.581"/>
  <testcase classname="com.tests.RegisterTestTN" name="verifyRegisterButtonWithoutAnyDetails" time="5.255"/>
  <testcase classname="com.tests.RegisterTestTN" name="verifyRegisterButtonWithFirstName" time="4.982"/>
  <testcase classname="com.tests.RegisterTestTN" name="verifyRegisterButtonWithLastName" time="4.897"/>
  <testcase classname="com.tests.RegisterTestTN" name="verifyRegisterButtonWithEmail" time="4.929"/>
  <testcase classname="com.tests.RegisterTestTN" name="verifyRegisterButtonWithTelephone" time="5.242"/>
  <testcase classname="com.tests.RegisterTestTN" name="verifyRegisterButtonWithPassword" time="4.433"/>
  <testcase classname="com.tests.RegisterTestTN" name="verifyRegisterButtonWithConfirmPassword" time="5.050"/>
  <testcase classname="com.tests.RegisterTestTN" name="verifyRegisterButtonWithPrivacyPolicy" time="7.232"/>
  <testcase classname="com.tests.RegisterTestTN" name="verifyRegisterButtonWithoutFirstname" time="5.007"/>
  <testcase classname="com.tests.RegisterTestTN" name="verifyRegisterButtonWithoutLastname" time="4.807"/>
  <testcase classname="com.tests.RegisterTestTN" name="verifyRegisterButtonWithoutEmail" time="5.420"/>
  <testcase classname="com.tests.RegisterTestTN" name="verifyRegisterButtonWithoutTelephone" time="5.285"/>
  <testcase classname="com.tests.RegisterTestTN" name="verifyRegisterButtonWithoutPassword" time="5.052"/>
  <testcase classname="com.tests.RegisterTestTN" name="verifyRegisterButtonWithoutConfirmPassword" time="5.210"/>
  <testcase classname="com.tests.RegisterTestTN" name="verifyRegisterButtonWithoutPrivacyPolicy" time="5.719"/>
  <testcase classname="com.tests.RegisterTestTN" name="verifyRegisterButtonWithAllDetails" time="6.475"/>
</testsuite> <!-- com.tests.RegisterTestTN -->
