<?xml version="1.0" encoding="UTF-8"?>
<!-- Generated by org.testng.reporters.JUnitReportReporter -->
<testsuite hostname="Akshay" failures="0" tests="1" name="com.tests.LoginTestTN" time="9.640" errors="0" timestamp="2024-12-05T21:13:54 CST" skipped="0">
  <testcase classname="com.tests.LoginTestTN" name="verifyLoginButtonWithInvalidDetailsTest" time="9.640"/>
</testsuite> <!-- com.tests.LoginTestTN -->
