<?xml version="1.0" encoding="UTF-8"?>
<!-- Generated by org.testng.reporters.JUnitReportReporter -->
<testsuite hostname="Akshay" failures="0" tests="4" name="com.tests.ShoppingCartTestTN" time="52.831" errors="0" timestamp="2024-12-05T11:53:30 CST" skipped="0">
  <testcase classname="com.tests.ShoppingCartTestTN" name="verifyTitleDisplayedTest" time="8.716"/>
  <testcase classname="com.tests.ShoppingCartTestTN" name="verifyUpdateQuantityTest" time="9.040"/>
  <testcase classname="com.tests.ShoppingCartTestTN" name="verifyEstimateShippingAndTexasTest" time="26.106"/>
  <testcase classname="com.tests.ShoppingCartTestTN" name="verifyCheckoutButtonTest" time="8.969"/>
</testsuite> <!-- com.tests.ShoppingCartTestTN -->
