<?xml version="1.0" encoding="UTF-8"?>
<!-- Generated by org.testng.reporters.JUnitReportReporter -->
<testsuite hostname="Akshay" failures="0" tests="1" name="com.tests.LogoutTestTN" time="10.070" errors="0" timestamp="2024-12-05T20:53:54 CST" skipped="0">
  <testcase classname="com.tests.LogoutTestTN" name="verifyTitleDisplayedTest" time="10.070"/>
</testsuite> <!-- com.tests.LogoutTestTN -->
