<?xml version="1.0" encoding="UTF-8"?>
<!-- Generated by org.testng.reporters.JUnitReportReporter -->
<testsuite hostname="Akshay" failures="0" tests="2" name="com.tests.ProductReturnTN" time="21.180" errors="0" timestamp="2024-12-04T17:09:21 CST" skipped="0">
  <testcase classname="com.tests.ProductReturnTN" name="verifyTitleDisplayedTest" time="8.263"/>
  <testcase classname="com.tests.ProductReturnTN" name="verifyProductReturnTest" time="12.917"/>
</testsuite> <!-- com.tests.ProductReturnTN -->
