<?xml version="1.0" encoding="UTF-8"?>
<!-- Generated by org.testng.reporters.JUnitReportReporter -->
<testsuite hostname="Akshay" failures="0" tests="1" name="com.tests.OrderHistoryTestTN" time="8.919" errors="0" timestamp="2024-12-04T11:23:09 CST" skipped="0">
  <testcase classname="com.tests.OrderHistoryTestTN" name="verifyOrderHistoryTest" time="8.919"/>
</testsuite> <!-- com.tests.OrderHistoryTestTN -->
