<?xml version="1.0" encoding="UTF-8"?>
<!-- Generated by org.testng.reporters.JUnitReportReporter -->
<testsuite hostname="Akshay" failures="0" tests="5" name="com.tests.HomeTestTN" time="39.289" errors="0" timestamp="2024-12-05T21:11:09 CST" skipped="0">
  <testcase classname="com.tests.HomeTestTN" name="verifyItemCartScenarioEmptyTest" time="8.703"/>
  <testcase classname="com.tests.HomeTestTN" name="verifyComponentDropDownTest" time="7.424"/>
  <testcase classname="com.tests.HomeTestTN" name="verifyFeatureIphoneNavigationTest" time="8.106"/>
  <testcase classname="com.tests.HomeTestTN" name="verifyInvalidsearchFeature" time="7.579"/>
  <testcase classname="com.tests.HomeTestTN" name="verifyValidsearchFeature" time="7.477"/>
</testsuite> <!-- com.tests.HomeTestTN -->
