<?xml version="1.0" encoding="UTF-8"?>
<!-- Generated by org.testng.reporters.JUnitReportReporter -->
<testsuite hostname="Akshay" failures="0" tests="1" name="com.tests.LogoutTestTN" time="10.780" errors="0" timestamp="2024-12-05T21:29:41 CST" skipped="0">
  <testcase classname="com.tests.LogoutTestTN" name="verifyTitleDisplayedTest" time="10.780"/>
</testsuite> <!-- com.tests.LogoutTestTN -->
