<?xml version="1.0" encoding="UTF-8"?>
<!-- Generated by org.testng.reporters.JUnitReportReporter -->
<testsuite hostname="Akshay" failures="0" tests="4" name="com.tests.ShoppingCartTestTN" time="61.781" errors="0" timestamp="2024-12-05T21:11:09 CST" skipped="0">
  <testcase classname="com.tests.ShoppingCartTestTN" name="verifyTitleDisplayedTest" time="10.003"/>
  <testcase classname="com.tests.ShoppingCartTestTN" name="verifyUpdateQuantityTest" time="12.095"/>
  <testcase classname="com.tests.ShoppingCartTestTN" name="verifyEstimateShippingAndTexasTest" time="28.920"/>
  <testcase classname="com.tests.ShoppingCartTestTN" name="verifyCheckoutButtonTest" time="10.763"/>
</testsuite> <!-- com.tests.ShoppingCartTestTN -->
