<?xml version="1.0" encoding="UTF-8"?>
<!-- Generated by org.testng.reporters.JUnitReportReporter -->
<testsuite hostname="Akshay" failures="0" tests="9" name="com.tests.LoginTestTN" time="85.066" errors="0" timestamp="2024-12-05T21:29:41 CST" skipped="0">
  <testcase classname="com.tests.LoginTestTN" name="verifyTitleDisplayedTest" time="6.768"/>
  <testcase classname="com.tests.LoginTestTN" name="verifyLoginMainTitleTest" time="12.182"/>
  <testcase classname="com.tests.LoginTestTN" name="verifyLoginSubTitleTest" time="9.923"/>
  <testcase classname="com.tests.LoginTestTN" name="verifyLoginButtonWithoutAnyTest" time="15.164"/>
  <testcase classname="com.tests.LoginTestTN" name="verifyLoginButtonWithEmailTest" time="7.549"/>
  <testcase classname="com.tests.LoginTestTN" name="verifyLoginButtonWithPasswordTest" time="6.485"/>
  <testcase classname="com.tests.LoginTestTN" name="verifyLoginButtonWithInvalidDetailsTest" time="8.564"/>
  <testcase classname="com.tests.LoginTestTN" name="verifyLoginPageContinueButtonNavigationTest" time="7.416"/>
  <testcase classname="com.tests.LoginTestTN" name="verifyLoginButtonWithAllDetailsTest" time="11.015"/>
</testsuite> <!-- com.tests.LoginTestTN -->
