<?xml version="1.0" encoding="UTF-8"?>
<!-- Generated by org.testng.reporters.JUnitReportReporter -->
<testsuite hostname="Akshay" failures="0" tests="3" name="com.tests.CheckoutTestTN" time="49.664" errors="0" timestamp="2024-12-05T21:29:41 CST" skipped="1">
  <testcase classname="com.tests.CheckoutTestTN" name="verifyTitleDisplayedTest" time="11.702"/>
  <testcase classname="com.tests.CheckoutTestTN" name="verifyCheckOutFlowTest" time="18.537"/>
  <testcase classname="com.tests.CheckoutTestTN" name="verifyCheckOutFlowTest" time="19.425">
    <skipped/>
  </testcase> <!-- verifyCheckOutFlowTest -->
</testsuite> <!-- com.tests.CheckoutTestTN -->
