<?xml version="1.0" encoding="UTF-8"?>
<!-- Generated by org.testng.reporters.JUnitReportReporter -->
<testsuite hostname="Akshay" failures="0" tests="5" name="com.tests.WishListTestTN" time="45.650" errors="0" timestamp="2024-12-05T21:11:09 CST" skipped="0">
  <testcase classname="com.tests.WishListTestTN" name="verifyTitleDisplayedTest" time="6.832"/>
  <testcase classname="com.tests.WishListTestTN" name="verifyWishListPageMainTitleTest" time="10.871"/>
  <testcase classname="com.tests.WishListTestTN" name="verifyWishListPageSubTitleTest" time="8.387"/>
  <testcase classname="com.tests.WishListTestTN" name="verifyAddToWishListTest" time="9.079"/>
  <testcase classname="com.tests.WishListTestTN" name="verifyAddToWishListRemoveTest" time="10.481"/>
</testsuite> <!-- com.tests.WishListTestTN -->
