<?xml version="1.0" encoding="UTF-8"?>
<!-- Generated by org.testng.reporters.JUnitReportReporter -->
<testsuite hostname="Akshay" failures="0" tests="2" name="com.tests.ProductReturnTestTN" time="22.032" errors="0" timestamp="2024-12-05T21:11:09 CST" skipped="0">
  <testcase classname="com.tests.ProductReturnTestTN" name="verifyTitleDisplayedTest" time="10.982"/>
  <testcase classname="com.tests.ProductReturnTestTN" name="verifyProductReturnTest" time="11.050"/>
</testsuite> <!-- com.tests.ProductReturnTestTN -->
