<?xml version="1.0" encoding="UTF-8"?>
<!-- Generated by org.testng.reporters.JUnitReportReporter -->
<testsuite hostname="Akshay" failures="0" tests="1" name="com.tests.LogoutTestTN" time="9.655" errors="0" timestamp="2024-12-05T21:11:09 CST" skipped="0">
  <testcase classname="com.tests.LogoutTestTN" name="verifyTitleDisplayedTest" time="9.655"/>
</testsuite> <!-- com.tests.LogoutTestTN -->
