<?xml version="1.0" encoding="UTF-8"?>
<!-- Generated by org.testng.reporters.JUnitReportReporter -->
<testsuite hostname="Akshay" failures="0" tests="5" name="com.tests.WishListTestTN" time="48.376" errors="0" timestamp="2024-12-05T21:29:41 CST" skipped="0">
  <testcase classname="com.tests.WishListTestTN" name="verifyTitleDisplayedTest" time="8.764"/>
  <testcase classname="com.tests.WishListTestTN" name="verifyWishListPageMainTitleTest" time="10.390"/>
  <testcase classname="com.tests.WishListTestTN" name="verifyWishListPageSubTitleTest" time="10.507"/>
  <testcase classname="com.tests.WishListTestTN" name="verifyAddToWishListTest" time="8.421"/>
  <testcase classname="com.tests.WishListTestTN" name="verifyAddToWishListRemoveTest" time="10.294"/>
</testsuite> <!-- com.tests.WishListTestTN -->
