<?xml version="1.0" encoding="UTF-8"?>
<!-- Generated by org.testng.reporters.JUnitReportReporter -->
<testsuite hostname="Akshay" failures="0" tests="19" name="com.tests.RegisterTestTN" time="145.246" errors="0" timestamp="2024-12-05T21:11:09 CST" skipped="0">
  <testcase classname="com.tests.RegisterTestTN" name="verifyTitleDisplayedTest" time="8.499"/>
  <testcase classname="com.tests.RegisterTestTN" name="verifyRegisterAccountMainTitleTest" time="6.507"/>
  <testcase classname="com.tests.RegisterTestTN" name="verifyRegisterAccountSubTitleTest" time="9.567"/>
  <testcase classname="com.tests.RegisterTestTN" name="verifyRegisterButtonWithoutAnyDetails" time="9.367"/>
  <testcase classname="com.tests.RegisterTestTN" name="verifyRegisterButtonWithFirstName" time="7.468"/>
  <testcase classname="com.tests.RegisterTestTN" name="verifyRegisterButtonWithLastName" time="7.364"/>
  <testcase classname="com.tests.RegisterTestTN" name="verifyRegisterButtonWithEmail" time="9.292"/>
  <testcase classname="com.tests.RegisterTestTN" name="verifyRegisterButtonWithTelephone" time="5.963"/>
  <testcase classname="com.tests.RegisterTestTN" name="verifyRegisterButtonWithPassword" time="6.063"/>
  <testcase classname="com.tests.RegisterTestTN" name="verifyRegisterButtonWithConfirmPassword" time="6.866"/>
  <testcase classname="com.tests.RegisterTestTN" name="verifyRegisterButtonWithPrivacyPolicy" time="10.044"/>
  <testcase classname="com.tests.RegisterTestTN" name="verifyRegisterButtonWithoutFirstname" time="5.763"/>
  <testcase classname="com.tests.RegisterTestTN" name="verifyRegisterButtonWithoutLastname" time="6.504"/>
  <testcase classname="com.tests.RegisterTestTN" name="verifyRegisterButtonWithoutEmail" time="7.318"/>
  <testcase classname="com.tests.RegisterTestTN" name="verifyRegisterButtonWithoutTelephone" time="9.765"/>
  <testcase classname="com.tests.RegisterTestTN" name="verifyRegisterButtonWithoutPassword" time="7.675"/>
  <testcase classname="com.tests.RegisterTestTN" name="verifyRegisterButtonWithoutConfirmPassword" time="5.534"/>
  <testcase classname="com.tests.RegisterTestTN" name="verifyRegisterButtonWithoutPrivacyPolicy" time="6.933"/>
  <testcase classname="com.tests.RegisterTestTN" name="verifyRegisterButtonWithAllDetails" time="8.754"/>
</testsuite> <!-- com.tests.RegisterTestTN -->
