<?xml version="1.0" encoding="UTF-8"?>
<!-- Generated by org.testng.reporters.JUnitReportReporter -->
<testsuite hostname="Akshay" failures="0" tests="2" name="com.tests.ProductReturnTestTN" time="32.492" errors="0" timestamp="2024-12-05T21:29:41 CST" skipped="0">
  <testcase classname="com.tests.ProductReturnTestTN" name="verifyTitleDisplayedTest" time="12.959"/>
  <testcase classname="com.tests.ProductReturnTestTN" name="verifyProductReturnTest" time="19.533"/>
</testsuite> <!-- com.tests.ProductReturnTestTN -->
