<?xml version="1.0" encoding="UTF-8"?>
<!-- Generated by org.testng.reporters.JUnitReportReporter -->
<testsuite hostname="Akshay" failures="0" tests="2" name="com.tests.OrderHistoryTestTN" time="27.629" errors="0" timestamp="2024-12-05T21:29:41 CST" skipped="0">
  <testcase classname="com.tests.OrderHistoryTestTN" name="verifyTitleDisplayedTest" time="12.053"/>
  <testcase classname="com.tests.OrderHistoryTestTN" name="verifyOrderHistoryTest" time="15.576"/>
</testsuite> <!-- com.tests.OrderHistoryTestTN -->
