<?xml version="1.0" encoding="UTF-8"?>
<!-- Generated by org.testng.reporters.JUnitReportReporter -->
<testsuite hostname="Akshay" failures="0" tests="4" name="com.tests.ShoppingCartTestTN" time="78.538" errors="0" timestamp="2024-12-05T21:29:41 CST" skipped="0">
  <testcase classname="com.tests.ShoppingCartTestTN" name="verifyTitleDisplayedTest" time="11.623"/>
  <testcase classname="com.tests.ShoppingCartTestTN" name="verifyUpdateQuantityTest" time="14.949"/>
  <testcase classname="com.tests.ShoppingCartTestTN" name="verifyEstimateShippingAndTexasTest" time="35.918"/>
  <testcase classname="com.tests.ShoppingCartTestTN" name="verifyCheckoutButtonTest" time="16.048"/>
</testsuite> <!-- com.tests.ShoppingCartTestTN -->
