<?xml version="1.0" encoding="UTF-8"?>
<!-- Generated by org.testng.reporters.JUnitReportReporter -->
<testsuite hostname="Akshay" failures="0" tests="5" name="com.tests.HomeTestTN" time="57.128" errors="0" timestamp="2024-12-05T21:29:41 CST" skipped="0">
  <testcase classname="com.tests.HomeTestTN" name="verifyItemCartScenarioEmptyTest" time="11.166"/>
  <testcase classname="com.tests.HomeTestTN" name="verifyComponentDropDownTest" time="13.129"/>
  <testcase classname="com.tests.HomeTestTN" name="verifyFeatureIphoneNavigationTest" time="13.902"/>
  <testcase classname="com.tests.HomeTestTN" name="verifyInvalidsearchFeature" time="9.051"/>
  <testcase classname="com.tests.HomeTestTN" name="verifyValidsearchFeature" time="9.880"/>
</testsuite> <!-- com.tests.HomeTestTN -->
