<?xml version="1.0" encoding="UTF-8"?>
<!-- Generated by org.testng.reporters.JUnitReportReporter -->
<testsuite hostname="Akshay" failures="0" tests="19" name="com.tests.RegisterTestTN" time="167.045" errors="0" timestamp="2024-12-05T21:29:41 CST" skipped="0">
  <testcase classname="com.tests.RegisterTestTN" name="verifyTitleDisplayedTest" time="8.817"/>
  <testcase classname="com.tests.RegisterTestTN" name="verifyRegisterAccountMainTitleTest" time="7.401"/>
  <testcase classname="com.tests.RegisterTestTN" name="verifyRegisterAccountSubTitleTest" time="7.411"/>
  <testcase classname="com.tests.RegisterTestTN" name="verifyRegisterButtonWithoutAnyDetails" time="7.797"/>
  <testcase classname="com.tests.RegisterTestTN" name="verifyRegisterButtonWithFirstName" time="6.532"/>
  <testcase classname="com.tests.RegisterTestTN" name="verifyRegisterButtonWithLastName" time="8.565"/>
  <testcase classname="com.tests.RegisterTestTN" name="verifyRegisterButtonWithEmail" time="8.977"/>
  <testcase classname="com.tests.RegisterTestTN" name="verifyRegisterButtonWithTelephone" time="9.725"/>
  <testcase classname="com.tests.RegisterTestTN" name="verifyRegisterButtonWithPassword" time="6.928"/>
  <testcase classname="com.tests.RegisterTestTN" name="verifyRegisterButtonWithConfirmPassword" time="7.130"/>
  <testcase classname="com.tests.RegisterTestTN" name="verifyRegisterButtonWithPrivacyPolicy" time="18.087"/>
  <testcase classname="com.tests.RegisterTestTN" name="verifyRegisterButtonWithoutFirstname" time="9.496"/>
  <testcase classname="com.tests.RegisterTestTN" name="verifyRegisterButtonWithoutLastname" time="10.193"/>
  <testcase classname="com.tests.RegisterTestTN" name="verifyRegisterButtonWithoutEmail" time="8.540"/>
  <testcase classname="com.tests.RegisterTestTN" name="verifyRegisterButtonWithoutTelephone" time="6.580"/>
  <testcase classname="com.tests.RegisterTestTN" name="verifyRegisterButtonWithoutPassword" time="9.954"/>
  <testcase classname="com.tests.RegisterTestTN" name="verifyRegisterButtonWithoutConfirmPassword" time="8.586"/>
  <testcase classname="com.tests.RegisterTestTN" name="verifyRegisterButtonWithoutPrivacyPolicy" time="8.425"/>
  <testcase classname="com.tests.RegisterTestTN" name="verifyRegisterButtonWithAllDetails" time="7.901"/>
</testsuite> <!-- com.tests.RegisterTestTN -->
