<?xml version="1.0" encoding="UTF-8"?>
<!-- Generated by org.testng.reporters.JUnitReportReporter -->
<testsuite hostname="Akshay" failures="0" tests="2" name="com.tests.CheckoutTestTN" time="31.817" errors="0" timestamp="2024-12-05T21:11:09 CST" skipped="0">
  <testcase classname="com.tests.CheckoutTestTN" name="verifyTitleDisplayedTest" time="10.192"/>
  <testcase classname="com.tests.CheckoutTestTN" name="verifyCheckOutFlowTest" time="21.625"/>
</testsuite> <!-- com.tests.CheckoutTestTN -->
